<?xml version="1.0" encoding="UTF-8"?>

<beans xmlns="http://www.springframework.org/schema/beans"
       xmlns:xsi="http://www.w3.org/2001/XMLSchema-instance"
       xmlns:util="http://www.springframework.org/schema/util"
       xsi:schemaLocation="
        http://www.springframework.org/schema/beans
        http://www.springframework.org/schema/beans/spring-beans.xsd
        http://www.springframework.org/schema/util
        http://www.springframework.org/schema/util/spring-util.xsd">
    <bean id="ignite.cfg" class="org.apache.ignite.configuration.IgniteConfiguration">

        <property name="gridName" value="ESB_MON_GRID"/>

        <property name="clientMode" value="true"/>

        <!-- Set to true to enable distributed class loading for examples, default is false. -->
        <property name="peerClassLoadingEnabled" value="false"/>

        <!-- Explicitly configure TCP discovery SPI to provide list of initial nodes. -->
        <property name="discoverySpi">
            <bean class="org.apache.ignite.spi.discovery.tcp.TcpDiscoverySpi">
                <property name="ipFinder">
                    <bean class="org.apache.ignite.spi.discovery.tcp.ipfinder.multicast.TcpDiscoveryMulticastIpFinder">
                        <property name="multicastGroup" value="228.1.2.3"/>
                    </bean>
                </property>
            </bean>
        </property>
    </bean>
</beans>
